2012-10-29 10:18:01 [org.springframework.web.context.ContextLoader]-[ERROR] - Context initialization failed
org.apache.commons.logging.LogConfigurationException: java.lang.IllegalAccessError: class sun.reflect.GeneratedConstructorAccessor5 cannot access its superclass sun.reflect.ConstructorAccessorImpl (Caused by java.lang.IllegalAccessError: class sun.reflect.GeneratedConstructorAccessor5 cannot access its superclass sun.reflect.ConstructorAccessorImpl)
	at org.apache.commons.logging.impl.LogFactoryImpl.newInstance(LogFactoryImpl.java:637)
	at org.apache.commons.logging.impl.LogFactoryImpl.getInstance(LogFactoryImpl.java:336)
	at org.apache.commons.logging.impl.LogFactoryImpl.getInstance(LogFactoryImpl.java:310)
	at org.apache.commons.logging.LogFactory.getLog(LogFactory.java:685)
	at org.springframework.beans.factory.support.AbstractBeanDefinitionReader.<init>(AbstractBeanDefinitionReader.java:49)
	at org.springframework.beans.factory.xml.XmlBeanDefinitionReader.<init>(XmlBeanDefinitionReader.java:135)
	at org.springframework.web.context.support.XmlWebApplicationContext.loadBeanDefinitions(XmlWebApplicationContext.java:83)
	at org.springframework.context.support.AbstractRefreshableApplicationContext.refreshBeanFactory(AbstractRefreshableApplicationContext.java:131)
	at org.springframework.context.support.AbstractApplicationContext.obtainFreshBeanFactory(AbstractApplicationContext.java:522)
	at org.springframework.context.support.AbstractApplicationContext.refresh(AbstractApplicationContext.java:436)
	at org.springframework.web.context.ContextLoader.configureAndRefreshWebApplicationContext(ContextLoader.java:385)
	at org.springframework.web.context.ContextLoader.initWebApplicationContext(ContextLoader.java:284)
	at org.springframework.web.context.ContextLoaderListener.contextInitialized(ContextLoaderListener.java:111)
	at org.mortbay.jetty.handler.ContextHandler.startContext(ContextHandler.java:530)
	at org.mortbay.jetty.servlet.Context.startContext(Context.java:135)
	at org.mortbay.jetty.webapp.WebAppContext.startContext(WebAppContext.java:1218)
	at org.mortbay.jetty.handler.ContextHandler.doStart(ContextHandler.java:500)
	at org.mortbay.jetty.webapp.WebAppContext.doStart(WebAppContext.java:448)
	at org.mortbay.component.AbstractLifeCycle.start(AbstractLifeCycle.java:40)
	at org.mortbay.jetty.handler.HandlerCollection.doStart(HandlerCollection.java:147)
	at org.mortbay.jetty.handler.ContextHandlerCollection.doStart(ContextHandlerCollection.java:161)
	at org.mortbay.component.AbstractLifeCycle.start(AbstractLifeCycle.java:40)
	at org.mortbay.jetty.handler.HandlerCollection.doStart(HandlerCollection.java:147)
	at org.mortbay.component.AbstractLifeCycle.start(AbstractLifeCycle.java:40)
	at org.mortbay.jetty.handler.HandlerWrapper.doStart(HandlerWrapper.java:117)
	at org.mortbay.jetty.Server.doStart(Server.java:217)
	at org.mortbay.component.AbstractLifeCycle.start(AbstractLifeCycle.java:40)
	at org.mortbay.jetty.plugin.Jetty6PluginServer.start(Jetty6PluginServer.java:132)
	at org.mortbay.jetty.plugin.AbstractJettyMojo.startJetty(AbstractJettyMojo.java:345)
	at org.mortbay.jetty.plugin.AbstractJettyMojo.execute(AbstractJettyMojo.java:286)
	at org.mortbay.jetty.plugin.AbstractJettyRunMojo.execute(AbstractJettyRunMojo.java:204)
	at org.mortbay.jetty.plugin.Jetty6RunMojo.execute(Jetty6RunMojo.java:183)
	at org.apache.maven.plugin.DefaultBuildPluginManager.executeMojo(DefaultBuildPluginManager.java:101)
	at org.apache.maven.lifecycle.internal.MojoExecutor.execute(MojoExecutor.java:209)
	at org.apache.maven.lifecycle.internal.MojoExecutor.execute(MojoExecutor.java:153)
	at org.apache.maven.lifecycle.internal.MojoExecutor.execute(MojoExecutor.java:145)
	at org.apache.maven.lifecycle.internal.LifecycleModuleBuilder.buildProject(LifecycleModuleBuilder.java:84)
	at org.apache.maven.lifecycle.internal.LifecycleModuleBuilder.buildProject(LifecycleModuleBuilder.java:59)
	at org.apache.maven.lifecycle.internal.LifecycleStarter.singleThreadedBuild(LifecycleStarter.java:183)
	at org.apache.maven.lifecycle.internal.LifecycleStarter.execute(LifecycleStarter.java:161)
	at org.apache.maven.DefaultMaven.doExecute(DefaultMaven.java:320)
	at org.apache.maven.DefaultMaven.execute(DefaultMaven.java:156)
	at org.apache.maven.cli.MavenCli.execute(MavenCli.java:537)
	at org.apache.maven.cli.MavenCli.doMain(MavenCli.java:196)
	at org.apache.maven.cli.MavenCli.main(MavenCli.java:141)
	at sun.reflect.NativeMethodAccessorImpl.invoke0(Native Method)
	at sun.reflect.NativeMethodAccessorImpl.invoke(NativeMethodAccessorImpl.java:39)
	at sun.reflect.DelegatingMethodAccessorImpl.invoke(DelegatingMethodAccessorImpl.java:25)
	at java.lang.reflect.Method.invoke(Method.java:597)
	at org.codehaus.plexus.classworlds.launcher.Launcher.launchEnhanced(Launcher.java:290)
	at org.codehaus.plexus.classworlds.launcher.Launcher.launch(Launcher.java:230)
	at org.codehaus.plexus.classworlds.launcher.Launcher.mainWithExitCode(Launcher.java:409)
	at org.codehaus.plexus.classworlds.launcher.Launcher.main(Launcher.java:352)
Caused by: java.lang.IllegalAccessError: class sun.reflect.GeneratedConstructorAccessor5 cannot access its superclass sun.reflect.ConstructorAccessorImpl
	at sun.misc.Unsafe.defineClass(Native Method)
	at sun.reflect.ClassDefiner.defineClass(ClassDefiner.java:45)
	at sun.reflect.MethodAccessorGenerator$1.run(MethodAccessorGenerator.java:381)
	at java.security.AccessController.doPrivileged(Native Method)
	at sun.reflect.MethodAccessorGenerator.generate(MethodAccessorGenerator.java:377)
	at sun.reflect.MethodAccessorGenerator.generateConstructor(MethodAccessorGenerator.java:76)
	at sun.reflect.NativeConstructorAccessorImpl.newInstance(NativeConstructorAccessorImpl.java:30)
	at sun.reflect.DelegatingConstructorAccessorImpl.newInstance(DelegatingConstructorAccessorImpl.java:27)
	at java.lang.reflect.Constructor.newInstance(Constructor.java:513)
	at org.apache.commons.logging.impl.LogFactoryImpl.newInstance(LogFactoryImpl.java:608)
	... 52 more
